c:\users\lab\desktop\sim\air_bag_2015_06_09\air_bag_2014_10_25\debug\air_bag_2014_11_3.pch
c:\users\lab\desktop\sim\air_bag_2015_06_09\air_bag_2014_10_25\debug\vc120.pdb
c:\users\lab\desktop\sim\air_bag_2015_06_09\air_bag_2014_10_25\debug\vc120.idb
c:\users\lab\desktop\sim\air_bag_2015_06_09\air_bag_2014_10_25\debug\stdafx.obj
c:\users\lab\desktop\sim\air_bag_2015_06_09\air_bag_2014_10_25\debug\air_bag_2014_11_3.obj
c:\users\lab\desktop\simulation\rectangle\air_bag_2014_10_25\debug\air_bag_2014_11_3.pch
c:\users\lab\desktop\simulation\rectangle\air_bag_2014_10_25\debug\vc120.pdb
c:\users\lab\desktop\simulation\rectangle\air_bag_2014_10_25\debug\vc120.idb
c:\users\lab\desktop\simulation\rectangle\air_bag_2014_10_25\debug\stdafx.obj
c:\users\lab\desktop\sim\air_bag_2015_06_09\debug\air_bag_2014_11_3.ilk
c:\users\lab\desktop\sim\air_bag_2015_06_09\debug\air_bag_2014_11_3.exe
c:\users\lab\desktop\sim\air_bag_2015_06_09\debug\air_bag_2014_11_3.pdb
c:\users\lab\desktop\simulation\rectangle\debug\air_bag_2014_11_3.ilk
c:\users\lab\desktop\simulation\rectangle\debug\air_bag_2014_11_3.exe
c:\users\lab\desktop\simulation\rectangle\debug\air_bag_2014_11_3.pdb
c:\users\lab\desktop\simulation\rectangle\air_bag_2014_10_25\debug\air_bag_.b1a62574.tlog\cl.command.1.tlog
c:\users\lab\desktop\simulation\rectangle\air_bag_2014_10_25\debug\air_bag_.b1a62574.tlog\cl.read.1.tlog
c:\users\lab\desktop\simulation\rectangle\air_bag_2014_10_25\debug\air_bag_.b1a62574.tlog\cl.write.1.tlog
c:\users\lab\desktop\simulation\rectangle\air_bag_2014_10_25\debug\air_bag_.b1a62574.tlog\link.command.1.tlog
c:\users\lab\desktop\simulation\rectangle\air_bag_2014_10_25\debug\air_bag_.b1a62574.tlog\link.read.1.tlog
c:\users\lab\desktop\simulation\rectangle\air_bag_2014_10_25\debug\air_bag_.b1a62574.tlog\link.write.1.tlog
